GET /
GET /CSS/MyCSS.css
GET /Js/jscr.js
GET /help
GET /CSS/MyCSS.css
GET /Js/jscr.js
GET /
GET /CSS/MyCSS.css
GET /Js/jscr.js
GET /
GET /CSS/MyCSS.css
GET /Js/jscr.js
GET /favicon.ico
GET /about
GET /CSS/MyCSS.css
GET /Js/jscr.js
GET /about
GET /CSS/MyCSS.css
GET /Js/jscr.js
GET /about
GET /CSS/MyCSS.css
GET /Js/jscr.js
GET /help
GET /CSS/MyCSS.css
GET /Js/jscr.js
GET /about
GET /CSS/MyCSS.css
GET /Js/jscr.js
GET /
GET /CSS/MyCSS.css
GET /Js/jscr.js
GET /help
GET /CSS/MyCSS.css
GET /Js/jscr.js
GET /about
GET /CSS/MyCSS.css
GET /Js/jscr.js
GET /
GET /CSS/MyCSS.css
GET /Js/jscr.js
GET /
GET /CSS/MyCSS.css
GET /Js/jscr.js
GET /about
GET /CSS/MyCSS.css
GET /Js/jscr.js
GET /
GET /CSS/MyCSS.css
GET /Js/jscr.js
GET /
GET /CSS/MyCSS.css
GET /Js/jscr.js
GET /
GET /CSS/MyCSS.css
GET /Js/jscr.js
GET /
GET /CSS/MyCSS.css
GET /Js/jscr.js
GET /about
GET /CSS/MyCSS.css
GET /Js/jscr.js
GET /help
GET /CSS/MyCSS.css
GET /Js/jscr.js
GET /help
GET /CSS/MyCSS.css
GET /Js/jscr.js
GET /
GET /CSS/MyCSS.css
GET /Js/jscr.js
GET /
GET /CSS/MyCSS.css
GET /Js/jscr.js
GET /
GET /CSS/MyCSS.css
GET /Js/jscr.js
GET /about
GET /CSS/MyCSS.css
GET /Js/jscr.js
GET /help
GET /CSS/MyCSS.css
GET /Js/jscr.js
GET /
GET /CSS/MyCSS.css
GET /Js/jscr.js
GET /
GET /CSS/MyCSS.css
GET /Js/jscr.js
GET /
GET /CSS/MyCSS.css
GET /Js/jscr.js
GET /
GET /CSS/MyCSS.css
GET /Js/jscr.js
GET /
GET /CSS/MyCSS.css
GET /Js/jscr.js
GET /
GET /CSS/MyCSS.css
GET /Js/jscr.js
GET /
GET /CSS/MyCSS.css
GET /Js/jscr.js
GET /
GET /
GET /
GET /CSS/MyCSS.css
GET /Js/jscr.js
GET /about
GET /help
GET /
GET /CSS/MyCSS.css
GET /Js/jscr.js
GET /about
GET /
GET /CSS/MyCSS.css
GET /Js/jscr.js
GET /
GET /CSS/MyCSS.css
GET /Js/jscr.js
GET /instruction
GET /CSS/MyCSS.css
GET /Js/jscr.js
GET /shedule
GET /CSS/MyCSS.css
GET /Js/jscr.js
GET /
GET /CSS/MyCSS.css
GET /Js/jscr.js
